<?xml version="1.0" encoding="UTF-8"?>
<!-- Generated by org.testng.reporters.JUnitXMLReporter -->
<testsuite ignored="0" hostname="LAPTOP-TEFCBM5F" failures="0" tests="11" name="Test" time="60.668" errors="0" timestamp="2021-12-05T18:53:15 IST">
  <testcase classname="com.gt.tests.ZeroWebSecurityLoginTests" name="@BeforeMethod launchBrowser" time="20.512">
    <failure type="java.lang.AssertionError">
      <![CDATA[java.lang.AssertionError: 
at com.gt.tests.ZeroWebSecurityLoginTests.launchBrowser(ZeroWebSecurityLoginTests.java:47)
at java.base/java.util.concurrent.ThreadPoolExecutor.runWorker(ThreadPoolExecutor.java:1130)
at java.base/java.util.concurrent.ThreadPoolExecutor$Worker.run(ThreadPoolExecutor.java:630)
at java.base/java.lang.Thread.run(Thread.java:832)
... Removed 19 stack frames]]>
    </failure>
  </testcase> <!-- @BeforeMethod launchBrowser -->
  <testcase classname="com.gt.tests.ZeroWebSecurityPayments" name="@BeforeMethod launchBrowser" time="20.513">
    <failure type="java.lang.AssertionError">
      <![CDATA[java.lang.AssertionError: 
at com.gt.tests.ZeroWebSecurityPayments.launchBrowser(ZeroWebSecurityPayments.java:45)
at java.base/java.util.concurrent.ThreadPoolExecutor.runWorker(ThreadPoolExecutor.java:1130)
at java.base/java.util.concurrent.ThreadPoolExecutor$Worker.run(ThreadPoolExecutor.java:630)
at java.base/java.lang.Thread.run(Thread.java:832)
... Removed 19 stack frames]]>
    </failure>
  </testcase> <!-- @BeforeMethod launchBrowser -->
  <testcase classname="com.gt.tests.ZeroWebSecurityPayments" name="@AfterMethod quitBrowser" time="-1.638710555481E9">
    <skipped/>
  </testcase> <!-- @AfterMethod quitBrowser -->
  <testcase classname="com.gt.tests.ZeroWebSecurityPayments" name="@BeforeMethod launchBrowser" time="20.041">
    <failure type="java.lang.AssertionError">
      <![CDATA[java.lang.AssertionError: 
at com.gt.tests.ZeroWebSecurityPayments.launchBrowser(ZeroWebSecurityPayments.java:45)
at java.base/java.util.concurrent.ThreadPoolExecutor.runWorker(ThreadPoolExecutor.java:1130)
at java.base/java.util.concurrent.ThreadPoolExecutor$Worker.run(ThreadPoolExecutor.java:630)
at java.base/java.lang.Thread.run(Thread.java:832)
... Removed 19 stack frames]]>
    </failure>
  </testcase> <!-- @BeforeMethod launchBrowser -->
  <testcase classname="com.gt.tests.ZeroWebSecurityLoginTests" name="@BeforeMethod launchBrowser" time="20.048">
    <failure type="java.lang.AssertionError">
      <![CDATA[java.lang.AssertionError: 
at com.gt.tests.ZeroWebSecurityLoginTests.launchBrowser(ZeroWebSecurityLoginTests.java:47)
at java.base/java.util.concurrent.ThreadPoolExecutor.runWorker(ThreadPoolExecutor.java:1130)
at java.base/java.util.concurrent.ThreadPoolExecutor$Worker.run(ThreadPoolExecutor.java:630)
at java.base/java.lang.Thread.run(Thread.java:832)
... Removed 19 stack frames]]>
    </failure>
  </testcase> <!-- @BeforeMethod launchBrowser -->
  <testcase classname="com.gt.tests.ZeroWebSecurityPayments" name="@AfterMethod quitBrowser" time="-1.638710575541E9">
    <skipped/>
  </testcase> <!-- @AfterMethod quitBrowser -->
  <testcase classname="com.gt.tests.ZeroWebSecurityPayments" name="@BeforeMethod launchBrowser" time="20.018">
    <failure type="java.lang.AssertionError">
      <![CDATA[java.lang.AssertionError: 
at com.gt.tests.ZeroWebSecurityPayments.launchBrowser(ZeroWebSecurityPayments.java:45)
at java.base/java.util.concurrent.ThreadPoolExecutor.runWorker(ThreadPoolExecutor.java:1130)
at java.base/java.util.concurrent.ThreadPoolExecutor$Worker.run(ThreadPoolExecutor.java:630)
at java.base/java.lang.Thread.run(Thread.java:832)
... Removed 19 stack frames]]>
    </failure>
  </testcase> <!-- @BeforeMethod launchBrowser -->
  <testcase classname="com.gt.tests.ZeroWebSecurityPayments" name="@AfterMethod quitBrowser" time="-1.638710595565E9">
    <skipped/>
  </testcase> <!-- @AfterMethod quitBrowser -->
  <testcase classname="com.gt.tests.ZeroWebSecurityLoginTests" name="@BeforeMethod launchBrowser" time="20.03">
    <failure type="java.lang.AssertionError">
      <![CDATA[java.lang.AssertionError: 
at com.gt.tests.ZeroWebSecurityLoginTests.launchBrowser(ZeroWebSecurityLoginTests.java:47)
at java.base/java.util.concurrent.ThreadPoolExecutor.runWorker(ThreadPoolExecutor.java:1130)
at java.base/java.util.concurrent.ThreadPoolExecutor$Worker.run(ThreadPoolExecutor.java:630)
at java.base/java.lang.Thread.run(Thread.java:832)
... Removed 19 stack frames]]>
    </failure>
  </testcase> <!-- @BeforeMethod launchBrowser -->
  <testcase classname="com.gt.tests.ZeroWebSecurityLoginTests" name="@AfterTest quitBrowser" time="-1.638710595582E9">
    <skipped/>
  </testcase> <!-- @AfterTest quitBrowser -->
  <testcase classname="com.gt.tests.ZippopotamTests" name="contentTypeTest" time="2.751"/>
  <testcase classname="com.gt.tests.ZippopotamTests" name="loggingTest" time="0.981"/>
  <testcase classname="com.gt.tests.ZippopotamTests" name="statusCodeTest" time="0.768"/>
  <testcase classname="com.gt.tests.ZippopotamTests" name="validateBodyTest" time="1.539"/>
  <testcase classname="com.gt.tests.ZippopotamTests" name="validateValueArrayTest" time="0.837"/>
  <testcase classname="com.gt.tests.ZeroWebSecurityPayments" name="loginTestOne" time="0.0">
    <skipped/>
  </testcase> <!-- loginTestOne -->
  <testcase classname="com.gt.tests.ZeroWebSecurityLoginTests" name="loginTestOne" time="0.0">
    <skipped/>
  </testcase> <!-- loginTestOne -->
  <testcase classname="com.gt.tests.ZeroWebSecurityPayments" name="loginTestThree" time="0.0">
    <skipped/>
  </testcase> <!-- loginTestThree -->
  <testcase classname="com.gt.tests.ZeroWebSecurityLoginTests" name="loginTestThree" time="0.0">
    <skipped/>
  </testcase> <!-- loginTestThree -->
  <testcase classname="com.gt.tests.ZeroWebSecurityPayments" name="loginTestTwo" time="0.0">
    <skipped/>
  </testcase> <!-- loginTestTwo -->
  <testcase classname="com.gt.tests.ZeroWebSecurityLoginTests" name="loginTestTwo" time="0.0">
    <skipped/>
  </testcase> <!-- loginTestTwo -->
</testsuite> <!-- Test -->
